<?xml version="1.0" encoding="UTF-8"?>
<!-- Generated by org.testng.reporters.JUnitXMLReporter -->
<testsuite ignored="0" hostname="Kishores-MacBook-Air.local" failures="0" tests="5" name="Test" time="394.839" errors="0" timestamp="2022-11-02T17:15:51 IST">
  <testcase classname="com.examarly.HomePageWeb" name="Landingpage" time="261.173"/>
  <testcase classname="com.examarly.HomePageWeb" name="About" time="18.423"/>
  <testcase classname="com.examarly.HomePageWeb" name="Contact" time="40.683"/>
  <testcase classname="com.examarly.HomePageWeb" name="FAQ" time="34.498"/>
  <testcase classname="com.examarly.HomePageWeb" name="BLOG" time="34.827"/>
</testsuite> <!-- Test -->
