<?xml version="1.0" encoding="UTF-8"?>
<testng-results ignored="0" total="5" passed="5" failed="0" skipped="0">
  <reporter-output>
  </reporter-output>
  <suite started-at="2022-11-02T17:09:16 IST" name="Suite" finished-at="2022-11-02T17:15:51 IST" duration-ms="394839">
    <groups>
    </groups>
    <test started-at="2022-11-02T17:09:16 IST" name="Test" finished-at="2022-11-02T17:15:51 IST" duration-ms="394839">
      <class name="com.examarly.HomePageWeb">
        <test-method is-config="true" signature="setUp()[pri:0, instance:com.examarly.HomePageWeb@3e5499cc]" started-at="2022-11-02T17:09:16 IST" name="setUp" finished-at="2022-11-02T17:09:21 IST" duration-ms="5167" status="PASS">
          <reporter-output>
          </reporter-output>
        </test-method> <!-- setUp -->
        <test-method signature="Landingpage()[pri:0, instance:com.examarly.HomePageWeb@3e5499cc]" started-at="2022-11-02T17:09:21 IST" name="Landingpage" finished-at="2022-11-02T17:13:42 IST" duration-ms="261173" status="PASS">
          <reporter-output>
          </reporter-output>
        </test-method> <!-- Landingpage -->
        <test-method signature="About()[pri:0, instance:com.examarly.HomePageWeb@3e5499cc]" started-at="2022-11-02T17:13:42 IST" name="About" finished-at="2022-11-02T17:14:01 IST" depends-on-methods="com.examarly.HomePageWeb.Landingpage" duration-ms="18423" status="PASS">
          <reporter-output>
          </reporter-output>
        </test-method> <!-- About -->
        <test-method signature="Contact()[pri:0, instance:com.examarly.HomePageWeb@3e5499cc]" started-at="2022-11-02T17:14:01 IST" name="Contact" finished-at="2022-11-02T17:14:42 IST" depends-on-methods="com.examarly.HomePageWeb.About" duration-ms="40683" status="PASS">
          <reporter-output>
          </reporter-output>
        </test-method> <!-- Contact -->
        <test-method signature="FAQ()[pri:0, instance:com.examarly.HomePageWeb@3e5499cc]" started-at="2022-11-02T17:14:42 IST" name="FAQ" finished-at="2022-11-02T17:15:16 IST" depends-on-methods="com.examarly.HomePageWeb.Contact" duration-ms="34498" status="PASS">
          <reporter-output>
          </reporter-output>
        </test-method> <!-- FAQ -->
        <test-method signature="BLOG()[pri:0, instance:com.examarly.HomePageWeb@3e5499cc]" started-at="2022-11-02T17:15:16 IST" name="BLOG" finished-at="2022-11-02T17:15:51 IST" depends-on-methods="com.examarly.HomePageWeb.FAQ" duration-ms="34827" status="PASS">
          <reporter-output>
          </reporter-output>
        </test-method> <!-- BLOG -->
      </class> <!-- com.examarly.HomePageWeb -->
    </test> <!-- Test -->
  </suite> <!-- Suite -->
</testng-results>
